
// swap request from EOA, generate siganture by yourself
// bridge 10 usdc from base chain to bnb chain
swap info: {
    from: 'base:usdc',
    to: 'bnb:usdc',
    amount: '2',
    fromAddress: '0x0049747162a7118a3f18b872f3766d862d51c6c0',
    recipient: '0x0049747162a7118a3f18b872f3766d862d51c6c0'
}

swapRequest:  {
  encoded: '0x0100009896809800000000001111088e000013d620006650286c02ca21210501',
  fromAddress: '0x0049747162a7118a3f18b872f3766d862d51c6c0',
  recipient: '0x0049747162a7118a3f18b872f3766d862d51c6c0',
  initiator: '0x0049747162a7118a3f18b872f3766d862d51c6c0',
  fee: { serviceFee: '0.5', lpFee: '1.3', totalFee: '1.8' },
  signingRequest: {
    message: '0x19457468657265756d205369676e6564204d6573736167653a0a35320100009896809800000000001111088e000013d620006650286c02ca212105010049747162a7118a3f18b872f3766d862d51c6c0',
    hash: '0xb23377ab2ca2af7e148e87940a41c412de43eaa8c05ae9f54b4ac9fe2df571db'
  },
  dataToSign: [
    {
      message: '0x19457468657265756d205369676e6564204d6573736167653a0a33320100009896809800000000001111088e000013d620006650286c02ca21210501',
      hash: '0x8a20c431155270f0f8630c03b4f486335b82f50c3adaaa2c041b061d69b14354'
    },
    {
      message: '0x19457468657265756d205369676e6564204d6573736167653a0a35320100009896809800000000001111088e000013d620006650286c02ca212105010049747162a7118a3f18b872f3766d862d51c6c0',
      hash: '0xb23377ab2ca2af7e148e87940a41c412de43eaa8c05ae9f54b4ac9fe2df571db'
    }
  ]
}
signature:  0x442417a7050d8818d8f9f8e814c2a0f026691f5ad65a3280515bc8e02953ae5f0755334fcbd2f3508fda3be71c293e6c9405ed44056a6cdcd5d4445e824e4d4a1b
swapId:  0x8a05ddf2b53c1160f27a215ad15d2bd5c8717a74c5814d863769b17011308fd1
status:  {
  EXECUTED: '0x365ad8d364ee2185734fa20476e59aa71a0a284305f2b16d92f3becc416e8a48',
  RELEASED: '0xfee7166899c127e9d0ef8a008b237ec162b1f0e8d56151e8ce64f254c0d18ff1',
  swap: {
    id: '0x8a05ddf2b53c1160f27a215ad15d2bd5c8717a74c5814d863769b17011308fd1',
    encoded: '0x0100009896809800000000001111088e000013d620006650286c02ca21210501',
    from: { amount: '10', network: 'base', token: 'usdc' },
    to: { amount: '8.2', network: 'bnb', token: 'usdc' }
  }
}



// swap request from contract, generate signature by initiator
// bridge 2 usdc from base chain to bnb chain
swap info: {
    from: 'base:usdc',
    to: 'bnb:usdc',
    amount: '2',
    fromAddress: mesonAdaptorAddr,
    fromContract: true,
    recipient: '0x0049747162a7118a3f18b872f3766d862d51c6c0'
}
swapRequest: {
  encoded: '0x0100001e8480980000000000340230f8000013d620006651ebae02ca21210501',
  fromContract: '0x992415e37304e030024d66722594fb79be62dbe1',
  recipient: '0x0049747162a7118a3f18b872f3766d862d51c6c0',
  initiator: '0xe2809564053afe14e05641b6e0293a5fd9551384',
  fee: { serviceFee: '0.5', lpFee: '1.3', totalFee: '1.8' }
}
status:  {
  POSTED: '0x3011ee27430eb787f5214aa7f6fa07e9b501af300d11ded7050ac6401f7cd81f',
  EXECUTED: '0xfbff9ed91e1fa57e2136be82d4c11edb37d7e1fc2877e42f0b654d85a78def39',
  RELEASED: '0x5197c9d2209391723ffc5ee6c704c0d060481bca55d9af32377de58b8b6f90d4',
  swap: {
    id: '0x481c54e59278aeb3b6ccf871667faccf31890edeefab0a7c0afa7a601e634e9e',
    encoded: '0x0100001e8480980000000000340230f8000013d620006651ebae02ca21210501',
    from: { amount: '2', network: 'base', token: 'usdc' },
    to: { amount: '0.2', network: 'bnb', token: 'usdc' }
  }
}
